Using pre-set license
Built from '2022.3/staging' branch; Version is '2022.3.54f1 (129125d4e700) revision 1216805'; Using compiler version '192829333'; Build Type 'Release'
OS: 'Unknown Windows version  (6.2.9200) 64bit Professional' Language: 'ru' Physical Memory: 16316 MB
BatchMode: 1, IsHumanControllingUs: 0, StartBugReporterOnCrash: 0, Is64bit: 1, IsPro: 1

COMMAND LINE ARGUMENTS:
D:\Programs\2022.3.54f1\Editor\Unity.exe
-adb2
-batchMode
-noUpm
-name
AssetImportWorker0
-projectPath
E:/UnityProjects/Lasers
-logFile
Logs/AssetImportWorker0.log
-srvPort
53400
Successfully changed project path to: E:/UnityProjects/Lasers
E:/UnityProjects/Lasers
[UnityMemory] Configuration Parameters - Can be set up in boot.config
    "memorysetup-bucket-allocator-granularity=16"
    "memorysetup-bucket-allocator-bucket-count=8"
    "memorysetup-bucket-allocator-block-size=33554432"
    "memorysetup-bucket-allocator-block-count=8"
    "memorysetup-main-allocator-block-size=16777216"
    "memorysetup-thread-allocator-block-size=16777216"
    "memorysetup-gfx-main-allocator-block-size=16777216"
    "memorysetup-gfx-thread-allocator-block-size=16777216"
    "memorysetup-cache-allocator-block-size=4194304"
    "memorysetup-typetree-allocator-block-size=2097152"
    "memorysetup-profiler-bucket-allocator-granularity=16"
    "memorysetup-profiler-bucket-allocator-bucket-count=8"
    "memorysetup-profiler-bucket-allocator-block-size=33554432"
    "memorysetup-profiler-bucket-allocator-block-count=8"
    "memorysetup-profiler-allocator-block-size=16777216"
    "memorysetup-profiler-editor-allocator-block-size=1048576"
    "memorysetup-temp-allocator-size-main=16777216"
    "memorysetup-job-temp-allocator-block-size=2097152"
    "memorysetup-job-temp-allocator-block-size-background=1048576"
    "memorysetup-job-temp-allocator-reduction-small-platforms=262144"
    "memorysetup-allocator-temp-initial-block-size-main=262144"
    "memorysetup-allocator-temp-initial-block-size-worker=262144"
    "memorysetup-temp-allocator-size-background-worker=32768"
    "memorysetup-temp-allocator-size-job-worker=262144"
    "memorysetup-temp-allocator-size-preload-manager=33554432"
    "memorysetup-temp-allocator-size-nav-mesh-worker=65536"
    "memorysetup-temp-allocator-size-audio-worker=65536"
    "memorysetup-temp-allocator-size-cloud-worker=32768"
    "memorysetup-temp-allocator-size-gi-baking-worker=262144"
    "memorysetup-temp-allocator-size-gfx=262144"
Player connection [10048]  Target information:

Player connection [10048]  * "[IP] 192.168.0.100 [Port] 0 [Flags] 2 [Guid] 4267289768 [EditorId] 4267289768 [Version] 1048832 [Id] WindowsEditor(7,Jarvis) [Debug] 1 [PackageName] WindowsEditor [ProjectName] Editor" 

Player connection [10048] Host joined multi-casting on [225.0.0.222:54997]...
Player connection [10048] Host joined alternative multi-casting on [225.0.0.222:34997]...
[PhysX] Initialized MultithreadedTaskDispatcher with 12 workers.
Refreshing native plugins compatible for Editor in 7.61 ms, found 4 plugins.
Preloading 0 native plugins for Editor in 0.00 ms.
Initialize engine version: 2022.3.54f1 (129125d4e700)
[Subsystems] Discovering subsystems at path D:/Programs/2022.3.54f1/Editor/Data/Resources/UnitySubsystems
[Subsystems] Discovering subsystems at path E:/UnityProjects/Lasers/Assets
GfxDevice: creating device client; threaded=0; jobified=0
Direct3D:
    Version:  Direct3D 11.0 [level 11.1]
    Renderer: NVIDIA GeForce RTX 2060 (ID=0x1f08)
    Vendor:   NVIDIA
    VRAM:     5955 MB
    Driver:   32.0.15.6636
Initialize mono
Mono path[0] = 'D:/Programs/2022.3.54f1/Editor/Data/Managed'
Mono path[1] = 'D:/Programs/2022.3.54f1/Editor/Data/MonoBleedingEdge/lib/mono/unityjit-win32'
Mono config path = 'D:/Programs/2022.3.54f1/Editor/Data/MonoBleedingEdge/etc'
Using monoOptions --debugger-agent=transport=dt_socket,embedding=1,server=y,suspend=n,address=127.0.0.1:56448
Begin MonoManager ReloadAssembly
Registering precompiled unity dll's ...
Register platform support module: D:/Programs/2022.3.54f1/Editor/Data/PlaybackEngines/iOSSupport/UnityEditor.iOS.Extensions.dll
Register platform support module: D:/Programs/2022.3.54f1/Editor/Data/PlaybackEngines/WindowsStandaloneSupport/UnityEditor.WindowsStandalone.Extensions.dll
Registered in 0.003280 seconds.
- Loaded All Assemblies, in  1.676 seconds
Native extension for WindowsStandalone target not found
[usbmuxd] Start listen thread
[usbmuxd] Listen thread started
Native extension for iOS target not found
Mono: successfully reloaded assembly
- Finished resetting the current domain, in  1.094 seconds
Domain Reload Profiling: 2771ms
	BeginReloadAssembly (282ms)
		ExecutionOrderSort (0ms)
		DisableScriptedObjects (0ms)
		BackupInstance (0ms)
		ReleaseScriptingObjects (0ms)
		CreateAndSetChildDomain (3ms)
	RebuildCommonClasses (265ms)
	RebuildNativeTypeToScriptingClass (61ms)
	initialDomainReloadingComplete (181ms)
	LoadAllAssembliesAndSetupDomain (886ms)
		LoadAssemblies (281ms)
		RebuildTransferFunctionScriptingTraits (0ms)
		AnalyzeDomain (881ms)
			TypeCache.Refresh (876ms)
				TypeCache.ScanAssembly (837ms)
			ScanForSourceGeneratedMonoScriptInfo (1ms)
			ResolveRequiredComponents (2ms)
	FinalizeReload (1095ms)
		ReleaseScriptCaches (0ms)
		RebuildScriptCaches (0ms)
		SetupLoadedEditorAssemblies (917ms)
			LogAssemblyErrors (0ms)
			InitializePlatformSupportModulesInManaged (105ms)
			SetLoadedEditorAssemblies (19ms)
			RefreshPlugins (0ms)
			BeforeProcessingInitializeOnLoad (9ms)
			ProcessInitializeOnLoadAttributes (588ms)
			ProcessInitializeOnLoadMethodAttributes (195ms)
			AfterProcessingInitializeOnLoad (0ms)
			EditorAssembliesLoaded (0ms)
		ExecutionOrderSort2 (0ms)
		AwakeInstancesAfterBackupRestoration (0ms)
========================================================================
Worker process is ready to serve import requests
Caller must complete domain reload
Begin MonoManager ReloadAssembly
- Loaded All Assemblies, in  3.674 seconds
Native extension for WindowsStandalone target not found
Native extension for iOS target not found
Mono: successfully reloaded assembly
- Finished resetting the current domain, in  3.553 seconds
Domain Reload Profiling: 7229ms
	BeginReloadAssembly (837ms)
		ExecutionOrderSort (0ms)
		DisableScriptedObjects (26ms)
		BackupInstance (0ms)
		ReleaseScriptingObjects (0ms)
		CreateAndSetChildDomain (351ms)
	RebuildCommonClasses (480ms)
	RebuildNativeTypeToScriptingClass (134ms)
	initialDomainReloadingComplete (184ms)
	LoadAllAssembliesAndSetupDomain (2039ms)
		LoadAssemblies (695ms)
		RebuildTransferFunctionScriptingTraits (0ms)
		AnalyzeDomain (1586ms)
			TypeCache.Refresh (1400ms)
				TypeCache.ScanAssembly (1345ms)
			ScanForSourceGeneratedMonoScriptInfo (125ms)
			ResolveRequiredComponents (58ms)
	FinalizeReload (3555ms)
		ReleaseScriptCaches (0ms)
		RebuildScriptCaches (0ms)
		SetupLoadedEditorAssemblies (2091ms)
			LogAssemblyErrors (0ms)
			InitializePlatformSupportModulesInManaged (89ms)
			SetLoadedEditorAssemblies (11ms)
			RefreshPlugins (0ms)
			BeforeProcessingInitializeOnLoad (178ms)
			ProcessInitializeOnLoadAttributes (1603ms)
			ProcessInitializeOnLoadMethodAttributes (205ms)
			AfterProcessingInitializeOnLoad (4ms)
			EditorAssembliesLoaded (1ms)
		ExecutionOrderSort2 (0ms)
		AwakeInstancesAfterBackupRestoration (32ms)
Launched and connected shader compiler UnityShaderCompiler.exe after 0.06 seconds
Refreshing native plugins compatible for Editor in 4.92 ms, found 4 plugins.
Preloading 0 native plugins for Editor in 0.00 ms.
Unloading 3982 Unused Serialized files (Serialized files now loaded: 0)
Unloading 38 unused Assets / (241.6 KB). Loaded Objects now: 4446.
Memory consumption went from 142.8 MB to 142.5 MB.
Total: 4.784000 ms (FindLiveObjects: 0.357400 ms CreateObjectMapping: 0.105400 ms MarkObjects: 4.077100 ms  DeleteObjects: 0.243000 ms)

AssetImportParameters requested are different than current active one (requested -> active):
  custom:container-demuxer-ogg: 62fdf1f143b41e24485cea50d1cbac27 -> 
  custom:video-codec-MediaFoundation-h265: 746d11721c4dcdbdad8f713fa42b33f4 -> 
  custom:video-decoder-ogg-theora: a1e56fd34408186e4bbccfd4996cb3dc -> 
  custom:framework-win-MediaFoundation: 216162199b28c13a410421893ffa2e32 -> 
  custom:CustomObjectIndexerAttribute: 9a22284fe3817be447336de3de66b15e -> 
  custom:container-demuxer-webm: 4f35f7cbe854078d1ac9338744f61a02 -> 
  custom:container-muxer-webm: aa71ff27fc2769a1b78a27578f13a17b -> 
  custom:video-decoder-webm-vp8: 9c59270c3fd7afecdb556c50c9e8de78 -> 
  custom:SearchIndexIgnoredProperties: e643bd26f0fe6173181afceb89e7c659 -> 
  custom:AudioImporter_EditorPlatform: d09bf68614088b80899f8185d706f6e7 -> 
  custom:video-encoder-webm-vp8: eb34c28f22e8b96e1ab97ce403110664 -> 
  custom:audio-decoder-ogg-vorbis: bf7c407c2cedff20999df2af8eb42d56 -> 
  custom:audio-encoder-webm-vorbis: bf7c407c2cedff20999df2af8eb42d56 -> 
========================================================================
Received Import Request.
  Time since last request: 632398.512372 seconds.
  path: Assets/_Project/Screpts/Screns/DialogLauncher.cs
  artifactKey: Guid(fad0c38453cb8db499d47211722df574) Importer(815301076,1909f56bfc062723c751e8b465ee728b)
Start importing Assets/_Project/Screpts/Screns/DialogLauncher.cs using Guid(fad0c38453cb8db499d47211722df574) Importer(815301076,1909f56bfc062723c751e8b465ee728b) [PhysX] Initialized MultithreadedTaskDispatcher with 12 workers.
 -> (artifact id: 'ba155aadf38985f43bcf2c891b0ba637') in 0.007655 seconds
Number of updated asset objects reloaded before import = 0
Number of asset objects unloaded after import = 0
========================================================================
Received Import Request.
  Time since last request: 0.000048 seconds.
  path: Assets/_Project/Screpts/Services/IService.cs
  artifactKey: Guid(eabe54b5558c429a9cdabca65b1e5ea4) Importer(815301076,1909f56bfc062723c751e8b465ee728b)
Start importing Assets/_Project/Screpts/Services/IService.cs using Guid(eabe54b5558c429a9cdabca65b1e5ea4) Importer(815301076,1909f56bfc062723c751e8b465ee728b) [PhysX] Initialized MultithreadedTaskDispatcher with 12 workers.
 -> (artifact id: '620890ad4c431fc785ffc40d14161132') in 0.000716 seconds
Number of updated asset objects reloaded before import = 0
Number of asset objects unloaded after import = 0
========================================================================
Received Import Request.
  Time since last request: 0.000099 seconds.
  path: Assets/_Project/Screpts/Services
  artifactKey: Guid(332c38c4c4fc75646ba8810d526ca900) Importer(815301076,1909f56bfc062723c751e8b465ee728b)
Start importing Assets/_Project/Screpts/Services using Guid(332c38c4c4fc75646ba8810d526ca900) Importer(815301076,1909f56bfc062723c751e8b465ee728b) [PhysX] Initialized MultithreadedTaskDispatcher with 12 workers.
 -> (artifact id: '37a2d5dff19530e008c4c146a5e099ed') in 0.000672 seconds
Number of updated asset objects reloaded before import = 0
Number of asset objects unloaded after import = 0
========================================================================
Received Import Request.
  Time since last request: 13020.938399 seconds.
  path: Assets/_Project/Screpts/Screns/DialogLauncher.cs
  artifactKey: Guid(fad0c38453cb8db499d47211722df574) Importer(815301076,1909f56bfc062723c751e8b465ee728b)
Start importing Assets/_Project/Screpts/Screns/DialogLauncher.cs using Guid(fad0c38453cb8db499d47211722df574) Importer(815301076,1909f56bfc062723c751e8b465ee728b) [PhysX] Initialized MultithreadedTaskDispatcher with 12 workers.
 -> (artifact id: '28ecc05c5b89817cd1783ff6648fa965') in 0.000788 seconds
Number of updated asset objects reloaded before import = 0
Number of asset objects unloaded after import = 0
========================================================================
Received Import Request.
  Time since last request: 61.208952 seconds.
  path: Assets/_Project/Screpts/Screns/DialogLauncher.cs
  artifactKey: Guid(fad0c38453cb8db499d47211722df574) Importer(815301076,1909f56bfc062723c751e8b465ee728b)
Start importing Assets/_Project/Screpts/Screns/DialogLauncher.cs using Guid(fad0c38453cb8db499d47211722df574) Importer(815301076,1909f56bfc062723c751e8b465ee728b) [PhysX] Initialized MultithreadedTaskDispatcher with 12 workers.
 -> (artifact id: '2eeae05577166b3ea27b6678fbdb22e2') in 0.000504 seconds
Number of updated asset objects reloaded before import = 0
Number of asset objects unloaded after import = 0
========================================================================
Received Import Request.
  Time since last request: 17.675447 seconds.
  path: Assets/_Project/Screpts/Screns/DialogLauncher.cs
  artifactKey: Guid(fad0c38453cb8db499d47211722df574) Importer(815301076,1909f56bfc062723c751e8b465ee728b)
Start importing Assets/_Project/Screpts/Screns/DialogLauncher.cs using Guid(fad0c38453cb8db499d47211722df574) Importer(815301076,1909f56bfc062723c751e8b465ee728b) [PhysX] Initialized MultithreadedTaskDispatcher with 12 workers.
 -> (artifact id: 'f0a769a41df59767d3e8b2af599fb998') in 0.000491 seconds
Number of updated asset objects reloaded before import = 0
Number of asset objects unloaded after import = 0
========================================================================
Received Prepare
Caller must complete domain reload
Begin MonoManager ReloadAssembly
- Loaded All Assemblies, in 15.796 seconds
Native extension for WindowsStandalone target not found
Native extension for iOS target not found
Mono: successfully reloaded assembly
- Finished resetting the current domain, in  2.470 seconds
Domain Reload Profiling: 18269ms
	BeginReloadAssembly (14376ms)
		ExecutionOrderSort (0ms)
		DisableScriptedObjects (13529ms)
		BackupInstance (0ms)
		ReleaseScriptingObjects (0ms)
		CreateAndSetChildDomain (500ms)
	RebuildCommonClasses (329ms)
	RebuildNativeTypeToScriptingClass (79ms)
	initialDomainReloadingComplete (95ms)
	LoadAllAssembliesAndSetupDomain (918ms)
		LoadAssemblies (1006ms)
		RebuildTransferFunctionScriptingTraits (0ms)
		AnalyzeDomain (147ms)
			TypeCache.Refresh (10ms)
				TypeCache.ScanAssembly (1ms)
			ScanForSourceGeneratedMonoScriptInfo (80ms)
			ResolveRequiredComponents (55ms)
	FinalizeReload (2472ms)
		ReleaseScriptCaches (0ms)
		RebuildScriptCaches (0ms)
		SetupLoadedEditorAssemblies (1618ms)
			LogAssemblyErrors (0ms)
			InitializePlatformSupportModulesInManaged (70ms)
			SetLoadedEditorAssemblies (12ms)
			RefreshPlugins (0ms)
			BeforeProcessingInitializeOnLoad (163ms)
			ProcessInitializeOnLoadAttributes (1243ms)
			ProcessInitializeOnLoadMethodAttributes (127ms)
			AfterProcessingInitializeOnLoad (3ms)
			EditorAssembliesLoaded (1ms)
		ExecutionOrderSort2 (0ms)
		AwakeInstancesAfterBackupRestoration (45ms)
Refreshing native plugins compatible for Editor in 3.38 ms, found 4 plugins.
Preloading 0 native plugins for Editor in 0.00 ms.
Unloading 3962 Unused Serialized files (Serialized files now loaded: 0)
Unloading 26 unused Assets / (214.1 KB). Loaded Objects now: 4450.
Memory consumption went from 138.7 MB to 138.5 MB.
Total: 3.678700 ms (FindLiveObjects: 0.433300 ms CreateObjectMapping: 0.113500 ms MarkObjects: 2.928500 ms  DeleteObjects: 0.202900 ms)

Prepare: number of updated asset objects reloaded= 0
AssetImportParameters requested are different than current active one (requested -> active):
  custom:scripting/monoscript/fileName/IService.cs: 82cbaca9e8390526a641b8014c1db9d8 -> 92dbcd0c21adfad12876876d66adcdc0
  custom:container-demuxer-ogg: 62fdf1f143b41e24485cea50d1cbac27 -> 
  custom:video-codec-MediaFoundation-h265: 746d11721c4dcdbdad8f713fa42b33f4 -> 
  custom:scripting/monoscript/fileName/BaseScreen.cs: 09321f088d182d7ced4103b83a49fe5b -> 
  custom:video-decoder-ogg-theora: a1e56fd34408186e4bbccfd4996cb3dc -> 
  custom:framework-win-MediaFoundation: 216162199b28c13a410421893ffa2e32 -> 
  custom:CustomObjectIndexerAttribute: 9a22284fe3817be447336de3de66b15e -> 
  custom:container-demuxer-webm: 4f35f7cbe854078d1ac9338744f61a02 -> 
  custom:scripting/monoscript/fileName/SettingsScreen.cs: ec4448011bd7535527e60f2f18238f65 -> 
  custom:scripting/monoscript/fileName/MenuScreen.cs: b65fc4eeb1d5b969a2046d806586ed4e -> 
  custom:scripting/monoscript/fileName/PrivacyPolicyScreen.cs: 0de25c21e87d8c3d0f9e4ec1367891b1 -> 
  custom:container-muxer-webm: aa71ff27fc2769a1b78a27578f13a17b -> 
  custom:scripting/monoscript/fileName/ShopScreen.cs: fbb13feb33a4ac43d10d9c029ac72403 -> 
  custom:video-decoder-webm-vp8: 9c59270c3fd7afecdb556c50c9e8de78 -> 
  custom:SearchIndexIgnoredProperties: e643bd26f0fe6173181afceb89e7c659 -> 
  custom:AudioImporter_EditorPlatform: d09bf68614088b80899f8185d706f6e7 -> 
  custom:video-encoder-webm-vp8: eb34c28f22e8b96e1ab97ce403110664 -> 
  custom:audio-decoder-ogg-vorbis: bf7c407c2cedff20999df2af8eb42d56 -> 
  custom:scripting/monoscript/fileName/DialogLauncher.cs: 08eb9479c107642e0fadfcc1dbdbf3a2 -> 
  custom:scripting/monoscript/fileName/GamePlayScreen.cs: 849e023c3bf2bf0870ab26342f35b0b5 -> 
  custom:audio-encoder-webm-vorbis: bf7c407c2cedff20999df2af8eb42d56 -> 
  custom:scripting/precompiled-assembly-types:Assembly-CSharp: baa5e70ec760f0aaa9f64ea3b32c9850 -> 940b8bd8ca4fa117e1593208f39920a3
========================================================================
Received Import Request.
  Time since last request: 779.957915 seconds.
  path: Assets/_Project/Screns/MenuScreen.prefab
  artifactKey: Guid(15c51601498456147bd1196b4500b7de) Importer(815301076,1909f56bfc062723c751e8b465ee728b)
Start importing Assets/_Project/Screns/MenuScreen.prefab using Guid(15c51601498456147bd1196b4500b7de) Importer(815301076,1909f56bfc062723c751e8b465ee728b) [PhysX] Initialized MultithreadedTaskDispatcher with 12 workers.
 -> (artifact id: 'a133c4d563ca6406e1461f36ab73f2b7') in 0.215265 seconds
Number of updated asset objects reloaded before import = 0
Number of asset objects unloaded after import = 61
========================================================================
Received Import Request.
  Time since last request: 5.473377 seconds.
  path: Assets/_Project/Screns/Settings.prefab
  artifactKey: Guid(60c0cc28a12ef684ea1f000ef36db05a) Importer(815301076,1909f56bfc062723c751e8b465ee728b)
Start importing Assets/_Project/Screns/Settings.prefab using Guid(60c0cc28a12ef684ea1f000ef36db05a) Importer(815301076,1909f56bfc062723c751e8b465ee728b) [PhysX] Initialized MultithreadedTaskDispatcher with 12 workers.
 -> (artifact id: '94cf8e58c3c1ca5eee453aeb24d1e766') in 0.034091 seconds
Number of updated asset objects reloaded before import = 0
Number of asset objects unloaded after import = 81
========================================================================
Received Import Request.
  Time since last request: 5.685293 seconds.
  path: Assets/_Project/Screns/PrivacyPolicy.prefab
  artifactKey: Guid(4af7759c522f62040ac2d0b76fd884dc) Importer(815301076,1909f56bfc062723c751e8b465ee728b)
Start importing Assets/_Project/Screns/PrivacyPolicy.prefab using Guid(4af7759c522f62040ac2d0b76fd884dc) Importer(815301076,1909f56bfc062723c751e8b465ee728b) [PhysX] Initialized MultithreadedTaskDispatcher with 12 workers.
 -> (artifact id: '9f2e716f76bba7d9fb0a729221855b0a') in 0.029356 seconds
Number of updated asset objects reloaded before import = 0
Number of asset objects unloaded after import = 39
========================================================================
Received Import Request.
  Time since last request: 4.423887 seconds.
  path: Assets/_Project/Screns/Settings.prefab
  artifactKey: Guid(60c0cc28a12ef684ea1f000ef36db05a) Importer(815301076,1909f56bfc062723c751e8b465ee728b)
Start importing Assets/_Project/Screns/Settings.prefab using Guid(60c0cc28a12ef684ea1f000ef36db05a) Importer(815301076,1909f56bfc062723c751e8b465ee728b) [PhysX] Initialized MultithreadedTaskDispatcher with 12 workers.
 -> (artifact id: 'c4ba0c4820748f9a6c5ba1d40e1ac74d') in 0.046288 seconds
Number of updated asset objects reloaded before import = 0
Number of asset objects unloaded after import = 114
========================================================================
Received Import Request.
  Time since last request: 7.380468 seconds.
  path: Assets/_Project/Screns/Shop.prefab
  artifactKey: Guid(031c12138d9dd5049a644a0fbf57febb) Importer(815301076,1909f56bfc062723c751e8b465ee728b)
Start importing Assets/_Project/Screns/Shop.prefab using Guid(031c12138d9dd5049a644a0fbf57febb) Importer(815301076,1909f56bfc062723c751e8b465ee728b) [PhysX] Initialized MultithreadedTaskDispatcher with 12 workers.
 -> (artifact id: 'a26fd814956fe5d55ba572e0f0b8586f') in 0.060756 seconds
Number of updated asset objects reloaded before import = 0
Number of asset objects unloaded after import = 175
========================================================================
Received Prepare
Caller must complete domain reload
Begin MonoManager ReloadAssembly
- Loaded All Assemblies, in  1.907 seconds
Native extension for WindowsStandalone target not found
Native extension for iOS target not found
Mono: successfully reloaded assembly
- Finished resetting the current domain, in  2.892 seconds
Domain Reload Profiling: 4802ms
	BeginReloadAssembly (866ms)
		ExecutionOrderSort (0ms)
		DisableScriptedObjects (51ms)
		BackupInstance (0ms)
		ReleaseScriptingObjects (0ms)
		CreateAndSetChildDomain (437ms)
	RebuildCommonClasses (342ms)
	RebuildNativeTypeToScriptingClass (85ms)
	initialDomainReloadingComplete (105ms)
	LoadAllAssembliesAndSetupDomain (509ms)
		LoadAssemblies (626ms)
		RebuildTransferFunctionScriptingTraits (0ms)
		AnalyzeDomain (143ms)
			TypeCache.Refresh (11ms)
				TypeCache.ScanAssembly (1ms)
			ScanForSourceGeneratedMonoScriptInfo (76ms)
			ResolveRequiredComponents (55ms)
	FinalizeReload (2896ms)
		ReleaseScriptCaches (0ms)
		RebuildScriptCaches (0ms)
		SetupLoadedEditorAssemblies (1716ms)
			LogAssemblyErrors (0ms)
			InitializePlatformSupportModulesInManaged (71ms)
			SetLoadedEditorAssemblies (12ms)
			RefreshPlugins (0ms)
			BeforeProcessingInitializeOnLoad (177ms)
			ProcessInitializeOnLoadAttributes (1321ms)
			ProcessInitializeOnLoadMethodAttributes (132ms)
			AfterProcessingInitializeOnLoad (2ms)
			EditorAssembliesLoaded (1ms)
		ExecutionOrderSort2 (0ms)
		AwakeInstancesAfterBackupRestoration (45ms)
Refreshing native plugins compatible for Editor in 3.20 ms, found 4 plugins.
Preloading 0 native plugins for Editor in 0.00 ms.
Unloading 3962 Unused Serialized files (Serialized files now loaded: 0)
Unloading 25 unused Assets / (213.5 KB). Loaded Objects now: 4455.
Memory consumption went from 138.8 MB to 138.6 MB.
Total: 3.519100 ms (FindLiveObjects: 0.331800 ms CreateObjectMapping: 0.114100 ms MarkObjects: 2.881700 ms  DeleteObjects: 0.190300 ms)

Prepare: number of updated asset objects reloaded= 0
AssetImportParameters requested are different than current active one (requested -> active):
  custom:scripting/monoscript/fileName/IService.cs: 82cbaca9e8390526a641b8014c1db9d8 -> 92dbcd0c21adfad12876876d66adcdc0
  custom:container-demuxer-ogg: 62fdf1f143b41e24485cea50d1cbac27 -> 
  custom:video-codec-MediaFoundation-h265: 746d11721c4dcdbdad8f713fa42b33f4 -> 
  custom:scripting/monoscript/fileName/BaseScreen.cs: 09321f088d182d7ced4103b83a49fe5b -> 
  custom:video-decoder-ogg-theora: a1e56fd34408186e4bbccfd4996cb3dc -> 
  custom:framework-win-MediaFoundation: 216162199b28c13a410421893ffa2e32 -> 
  custom:CustomObjectIndexerAttribute: 9a22284fe3817be447336de3de66b15e -> 
  custom:container-demuxer-webm: 4f35f7cbe854078d1ac9338744f61a02 -> 
  custom:scripting/monoscript/fileName/SettingsScreen.cs: ec4448011bd7535527e60f2f18238f65 -> 
  custom:scripting/monoscript/fileName/MenuScreen.cs: b65fc4eeb1d5b969a2046d806586ed4e -> 
  custom:scripting/monoscript/fileName/PrivacyPolicyScreen.cs: 0de25c21e87d8c3d0f9e4ec1367891b1 -> 
  custom:container-muxer-webm: aa71ff27fc2769a1b78a27578f13a17b -> 
  custom:scripting/monoscript/fileName/ShopScreen.cs: fbb13feb33a4ac43d10d9c029ac72403 -> 
  custom:video-decoder-webm-vp8: 9c59270c3fd7afecdb556c50c9e8de78 -> 
  custom:SearchIndexIgnoredProperties: e643bd26f0fe6173181afceb89e7c659 -> 
  custom:AudioImporter_EditorPlatform: d09bf68614088b80899f8185d706f6e7 -> 
  custom:video-encoder-webm-vp8: eb34c28f22e8b96e1ab97ce403110664 -> 
  custom:audio-decoder-ogg-vorbis: bf7c407c2cedff20999df2af8eb42d56 -> 
  custom:scripting/monoscript/fileName/DialogLauncher.cs: 08eb9479c107642e0fadfcc1dbdbf3a2 -> 
  custom:scripting/monoscript/fileName/GamePlayScreen.cs: 849e023c3bf2bf0870ab26342f35b0b5 -> 
  custom:audio-encoder-webm-vorbis: bf7c407c2cedff20999df2af8eb42d56 -> 
  custom:scripting/precompiled-assembly-types:Assembly-CSharp: baa5e70ec760f0aaa9f64ea3b32c9850 -> 940b8bd8ca4fa117e1593208f39920a3
========================================================================
Received Prepare
Caller must complete domain reload
Begin MonoManager ReloadAssembly
- Loaded All Assemblies, in  1.758 seconds
Native extension for WindowsStandalone target not found
Native extension for iOS target not found
Mono: successfully reloaded assembly
- Finished resetting the current domain, in  2.936 seconds
Domain Reload Profiling: 4696ms
	BeginReloadAssembly (831ms)
		ExecutionOrderSort (0ms)
		DisableScriptedObjects (56ms)
		BackupInstance (0ms)
		ReleaseScriptingObjects (0ms)
		CreateAndSetChildDomain (414ms)
	RebuildCommonClasses (331ms)
	RebuildNativeTypeToScriptingClass (89ms)
	initialDomainReloadingComplete (96ms)
	LoadAllAssembliesAndSetupDomain (410ms)
		LoadAssemblies (589ms)
		RebuildTransferFunctionScriptingTraits (0ms)
		AnalyzeDomain (70ms)
			TypeCache.Refresh (6ms)
				TypeCache.ScanAssembly (0ms)
			ScanForSourceGeneratedMonoScriptInfo (0ms)
			ResolveRequiredComponents (62ms)
	FinalizeReload (2939ms)
		ReleaseScriptCaches (0ms)
		RebuildScriptCaches (0ms)
		SetupLoadedEditorAssemblies (1721ms)
			LogAssemblyErrors (0ms)
			InitializePlatformSupportModulesInManaged (73ms)
			SetLoadedEditorAssemblies (11ms)
			RefreshPlugins (0ms)
			BeforeProcessingInitializeOnLoad (173ms)
			ProcessInitializeOnLoadAttributes (1316ms)
			ProcessInitializeOnLoadMethodAttributes (145ms)
			AfterProcessingInitializeOnLoad (2ms)
			EditorAssembliesLoaded (1ms)
		ExecutionOrderSort2 (0ms)
		AwakeInstancesAfterBackupRestoration (51ms)
Refreshing native plugins compatible for Editor in 4.04 ms, found 4 plugins.
Preloading 0 native plugins for Editor in 0.00 ms.
Unloading 3963 Unused Serialized files (Serialized files now loaded: 0)
Unloading 25 unused Assets / (213.5 KB). Loaded Objects now: 4459.
Memory consumption went from 139.1 MB to 138.8 MB.
Total: 3.573000 ms (FindLiveObjects: 0.354800 ms CreateObjectMapping: 0.113500 ms MarkObjects: 2.888600 ms  DeleteObjects: 0.215000 ms)

Prepare: number of updated asset objects reloaded= 0
AssetImportParameters requested are different than current active one (requested -> active):
  custom:scripting/monoscript/fileName/IService.cs: 82cbaca9e8390526a641b8014c1db9d8 -> 92dbcd0c21adfad12876876d66adcdc0
  custom:container-demuxer-ogg: 62fdf1f143b41e24485cea50d1cbac27 -> 
  custom:video-codec-MediaFoundation-h265: 746d11721c4dcdbdad8f713fa42b33f4 -> 
  custom:scripting/monoscript/fileName/BaseScreen.cs: 09321f088d182d7ced4103b83a49fe5b -> 
  custom:video-decoder-ogg-theora: a1e56fd34408186e4bbccfd4996cb3dc -> 
  custom:framework-win-MediaFoundation: 216162199b28c13a410421893ffa2e32 -> 
  custom:CustomObjectIndexerAttribute: 9a22284fe3817be447336de3de66b15e -> 
  custom:container-demuxer-webm: 4f35f7cbe854078d1ac9338744f61a02 -> 
  custom:scripting/monoscript/fileName/SettingsScreen.cs: ec4448011bd7535527e60f2f18238f65 -> 
  custom:scripting/monoscript/fileName/MenuScreen.cs: b65fc4eeb1d5b969a2046d806586ed4e -> 
  custom:scripting/monoscript/fileName/PrivacyPolicyScreen.cs: 0de25c21e87d8c3d0f9e4ec1367891b1 -> 
  custom:container-muxer-webm: aa71ff27fc2769a1b78a27578f13a17b -> 
  custom:scripting/monoscript/fileName/ShopScreen.cs: fbb13feb33a4ac43d10d9c029ac72403 -> 
  custom:video-decoder-webm-vp8: 9c59270c3fd7afecdb556c50c9e8de78 -> 
  custom:SearchIndexIgnoredProperties: e643bd26f0fe6173181afceb89e7c659 -> 
  custom:AudioImporter_EditorPlatform: d09bf68614088b80899f8185d706f6e7 -> 
  custom:video-encoder-webm-vp8: eb34c28f22e8b96e1ab97ce403110664 -> 
  custom:audio-decoder-ogg-vorbis: bf7c407c2cedff20999df2af8eb42d56 -> 
  custom:scripting/monoscript/fileName/DialogLauncher.cs: 08eb9479c107642e0fadfcc1dbdbf3a2 -> 
  custom:scripting/monoscript/fileName/GamePlayScreen.cs: 849e023c3bf2bf0870ab26342f35b0b5 -> 
  custom:audio-encoder-webm-vorbis: bf7c407c2cedff20999df2af8eb42d56 -> 
  custom:scripting/precompiled-assembly-types:Assembly-CSharp: baa5e70ec760f0aaa9f64ea3b32c9850 -> 940b8bd8ca4fa117e1593208f39920a3
========================================================================
Received Import Request.
  Time since last request: 94.786462 seconds.
  path: Assets/_Project/Screns/MenuScreen.prefab
  artifactKey: Guid(15c51601498456147bd1196b4500b7de) Importer(815301076,1909f56bfc062723c751e8b465ee728b)
Start importing Assets/_Project/Screns/MenuScreen.prefab using Guid(15c51601498456147bd1196b4500b7de) Importer(815301076,1909f56bfc062723c751e8b465ee728b) [PhysX] Initialized MultithreadedTaskDispatcher with 12 workers.
 -> (artifact id: 'b010ce5282491977deff13ef257f1353') in 0.200631 seconds
Number of updated asset objects reloaded before import = 0
Number of asset objects unloaded after import = 61
========================================================================
Received Import Request.
  Time since last request: 5.297815 seconds.
  path: Assets/_Project/Screns/MenuScreen.prefab
  artifactKey: Guid(15c51601498456147bd1196b4500b7de) Importer(815301076,1909f56bfc062723c751e8b465ee728b)
Start importing Assets/_Project/Screns/MenuScreen.prefab using Guid(15c51601498456147bd1196b4500b7de) Importer(815301076,1909f56bfc062723c751e8b465ee728b) [PhysX] Initialized MultithreadedTaskDispatcher with 12 workers.
 -> (artifact id: '1461d83e8a69ae70c727fd2be2e53273') in 0.019884 seconds
Number of updated asset objects reloaded before import = 0
Number of asset objects unloaded after import = 61
========================================================================
Received Import Request.
  Time since last request: 3.992325 seconds.
  path: Assets/_Project/Screns/MenuScreen.prefab
  artifactKey: Guid(15c51601498456147bd1196b4500b7de) Importer(815301076,1909f56bfc062723c751e8b465ee728b)
Start importing Assets/_Project/Screns/MenuScreen.prefab using Guid(15c51601498456147bd1196b4500b7de) Importer(815301076,1909f56bfc062723c751e8b465ee728b) [PhysX] Initialized MultithreadedTaskDispatcher with 12 workers.
 -> (artifact id: 'f7b843fc0c162c2906e978909489bf18') in 0.019600 seconds
Number of updated asset objects reloaded before import = 0
Number of asset objects unloaded after import = 61
========================================================================
Received Import Request.
  Time since last request: 1149.842418 seconds.
  path: Assets/_Project/Screns/MenuScreen.prefab
  artifactKey: Guid(15c51601498456147bd1196b4500b7de) Importer(815301076,1909f56bfc062723c751e8b465ee728b)
Start importing Assets/_Project/Screns/MenuScreen.prefab using Guid(15c51601498456147bd1196b4500b7de) Importer(815301076,1909f56bfc062723c751e8b465ee728b) [PhysX] Initialized MultithreadedTaskDispatcher with 12 workers.
 -> (artifact id: '3a81d47abc94ee45b9b763fb2c162938') in 0.034038 seconds
Number of updated asset objects reloaded before import = 0
Number of asset objects unloaded after import = 61
========================================================================
Received Import Request.
  Time since last request: 2.025716 seconds.
  path: Assets/_Project/Screns/MenuScreen.prefab
  artifactKey: Guid(15c51601498456147bd1196b4500b7de) Importer(815301076,1909f56bfc062723c751e8b465ee728b)
Start importing Assets/_Project/Screns/MenuScreen.prefab using Guid(15c51601498456147bd1196b4500b7de) Importer(815301076,1909f56bfc062723c751e8b465ee728b) [PhysX] Initialized MultithreadedTaskDispatcher with 12 workers.
 -> (artifact id: '8130e84ac38ca02cc583ed26da1cc60d') in 0.028428 seconds
Number of updated asset objects reloaded before import = 0
Number of asset objects unloaded after import = 61
========================================================================
Received Import Request.
  Time since last request: 3.120125 seconds.
  path: Assets/_Project/Screns/MenuScreen.prefab
  artifactKey: Guid(15c51601498456147bd1196b4500b7de) Importer(815301076,1909f56bfc062723c751e8b465ee728b)
Start importing Assets/_Project/Screns/MenuScreen.prefab using Guid(15c51601498456147bd1196b4500b7de) Importer(815301076,1909f56bfc062723c751e8b465ee728b) [PhysX] Initialized MultithreadedTaskDispatcher with 12 workers.
 -> (artifact id: '865276ad958513f80b710ec4b6205e33') in 0.028541 seconds
Number of updated asset objects reloaded before import = 0
Number of asset objects unloaded after import = 61
========================================================================
Received Import Request.
  Time since last request: 3.400702 seconds.
  path: Assets/_Project/Screns/MenuScreen.prefab
  artifactKey: Guid(15c51601498456147bd1196b4500b7de) Importer(815301076,1909f56bfc062723c751e8b465ee728b)
Start importing Assets/_Project/Screns/MenuScreen.prefab using Guid(15c51601498456147bd1196b4500b7de) Importer(815301076,1909f56bfc062723c751e8b465ee728b) [PhysX] Initialized MultithreadedTaskDispatcher with 12 workers.
 -> (artifact id: '56b5c81d2929498ad56563086a0e47cc') in 0.027800 seconds
Number of updated asset objects reloaded before import = 0
Number of asset objects unloaded after import = 61
========================================================================
Received Import Request.
  Time since last request: 3.585483 seconds.
  path: Assets/_Project/Screns/MenuScreen.prefab
  artifactKey: Guid(15c51601498456147bd1196b4500b7de) Importer(815301076,1909f56bfc062723c751e8b465ee728b)
Start importing Assets/_Project/Screns/MenuScreen.prefab using Guid(15c51601498456147bd1196b4500b7de) Importer(815301076,1909f56bfc062723c751e8b465ee728b) [PhysX] Initialized MultithreadedTaskDispatcher with 12 workers.
 -> (artifact id: 'fa9b172bb5a241ddb272710b999e55ba') in 0.020178 seconds
Number of updated asset objects reloaded before import = 0
Number of asset objects unloaded after import = 61
========================================================================
Received Import Request.
  Time since last request: 3.042263 seconds.
  path: Assets/_Project/Screns/MenuScreen.prefab
  artifactKey: Guid(15c51601498456147bd1196b4500b7de) Importer(815301076,1909f56bfc062723c751e8b465ee728b)
Start importing Assets/_Project/Screns/MenuScreen.prefab using Guid(15c51601498456147bd1196b4500b7de) Importer(815301076,1909f56bfc062723c751e8b465ee728b) [PhysX] Initialized MultithreadedTaskDispatcher with 12 workers.
 -> (artifact id: 'fb64b29df4e99538c53a7c64d4532ec1') in 0.025034 seconds
Number of updated asset objects reloaded before import = 0
Number of asset objects unloaded after import = 61
========================================================================
Received Import Request.
  Time since last request: 1.769575 seconds.
  path: Assets/_Project/Screns/MenuScreen.prefab
  artifactKey: Guid(15c51601498456147bd1196b4500b7de) Importer(815301076,1909f56bfc062723c751e8b465ee728b)
Start importing Assets/_Project/Screns/MenuScreen.prefab using Guid(15c51601498456147bd1196b4500b7de) Importer(815301076,1909f56bfc062723c751e8b465ee728b) [PhysX] Initialized MultithreadedTaskDispatcher with 12 workers.
 -> (artifact id: '672b8ad27443f227a6badb538c590dd2') in 0.019946 seconds
Number of updated asset objects reloaded before import = 0
Number of asset objects unloaded after import = 61
========================================================================
Received Import Request.
  Time since last request: 2.252080 seconds.
  path: Assets/_Project/Screns/MenuScreen.prefab
  artifactKey: Guid(15c51601498456147bd1196b4500b7de) Importer(815301076,1909f56bfc062723c751e8b465ee728b)
Start importing Assets/_Project/Screns/MenuScreen.prefab using Guid(15c51601498456147bd1196b4500b7de) Importer(815301076,1909f56bfc062723c751e8b465ee728b) [PhysX] Initialized MultithreadedTaskDispatcher with 12 workers.
 -> (artifact id: 'bc7ecc22f3bbded016c0265c911dbb67') in 0.024227 seconds
Number of updated asset objects reloaded before import = 0
Number of asset objects unloaded after import = 61
========================================================================
Received Import Request.
  Time since last request: 2.646062 seconds.
  path: Assets/_Project/Screns/MenuScreen.prefab
  artifactKey: Guid(15c51601498456147bd1196b4500b7de) Importer(815301076,1909f56bfc062723c751e8b465ee728b)
Start importing Assets/_Project/Screns/MenuScreen.prefab using Guid(15c51601498456147bd1196b4500b7de) Importer(815301076,1909f56bfc062723c751e8b465ee728b) [PhysX] Initialized MultithreadedTaskDispatcher with 12 workers.
 -> (artifact id: 'e80a75c2db94043abb243b8a1f74d152') in 0.019605 seconds
Number of updated asset objects reloaded before import = 0
Number of asset objects unloaded after import = 61
========================================================================
Received Prepare
Caller must complete domain reload
Begin MonoManager ReloadAssembly
- Loaded All Assemblies, in  1.944 seconds
Native extension for WindowsStandalone target not found
Native extension for iOS target not found
Mono: successfully reloaded assembly
- Finished resetting the current domain, in  2.840 seconds
Domain Reload Profiling: 4785ms
	BeginReloadAssembly (859ms)
		ExecutionOrderSort (0ms)
		DisableScriptedObjects (52ms)
		BackupInstance (0ms)
		ReleaseScriptingObjects (0ms)
		CreateAndSetChildDomain (443ms)
	RebuildCommonClasses (338ms)
	RebuildNativeTypeToScriptingClass (80ms)
	initialDomainReloadingComplete (106ms)
	LoadAllAssembliesAndSetupDomain (561ms)
		LoadAssemblies (663ms)
		RebuildTransferFunctionScriptingTraits (0ms)
		AnalyzeDomain (150ms)
			TypeCache.Refresh (11ms)
				TypeCache.ScanAssembly (1ms)
			ScanForSourceGeneratedMonoScriptInfo (80ms)
			ResolveRequiredComponents (58ms)
	FinalizeReload (2842ms)
		ReleaseScriptCaches (0ms)
		RebuildScriptCaches (0ms)
		SetupLoadedEditorAssemblies (1668ms)
			LogAssemblyErrors (0ms)
			InitializePlatformSupportModulesInManaged (76ms)
			SetLoadedEditorAssemblies (12ms)
			RefreshPlugins (0ms)
			BeforeProcessingInitializeOnLoad (166ms)
			ProcessInitializeOnLoadAttributes (1278ms)
			ProcessInitializeOnLoadMethodAttributes (133ms)
			AfterProcessingInitializeOnLoad (2ms)
			EditorAssembliesLoaded (1ms)
		ExecutionOrderSort2 (0ms)
		AwakeInstancesAfterBackupRestoration (45ms)
Refreshing native plugins compatible for Editor in 3.24 ms, found 4 plugins.
Preloading 0 native plugins for Editor in 0.00 ms.
Unloading 3962 Unused Serialized files (Serialized files now loaded: 0)
Unloading 25 unused Assets / (213.6 KB). Loaded Objects now: 4463.
Memory consumption went from 138.8 MB to 138.6 MB.
Total: 3.615700 ms (FindLiveObjects: 0.336900 ms CreateObjectMapping: 0.126400 ms MarkObjects: 2.958700 ms  DeleteObjects: 0.193000 ms)

Prepare: number of updated asset objects reloaded= 0
AssetImportParameters requested are different than current active one (requested -> active):
  custom:scripting/monoscript/fileName/IService.cs: 82cbaca9e8390526a641b8014c1db9d8 -> 92dbcd0c21adfad12876876d66adcdc0
  custom:container-demuxer-ogg: 62fdf1f143b41e24485cea50d1cbac27 -> 
  custom:video-codec-MediaFoundation-h265: 746d11721c4dcdbdad8f713fa42b33f4 -> 
  custom:scripting/monoscript/fileName/BaseScreen.cs: 09321f088d182d7ced4103b83a49fe5b -> 
  custom:video-decoder-ogg-theora: a1e56fd34408186e4bbccfd4996cb3dc -> 
  custom:framework-win-MediaFoundation: 216162199b28c13a410421893ffa2e32 -> 
  custom:CustomObjectIndexerAttribute: 9a22284fe3817be447336de3de66b15e -> 
  custom:container-demuxer-webm: 4f35f7cbe854078d1ac9338744f61a02 -> 
  custom:scripting/monoscript/fileName/SettingsScreen.cs: ec4448011bd7535527e60f2f18238f65 -> 
  custom:scripting/monoscript/fileName/MenuScreen.cs: b65fc4eeb1d5b969a2046d806586ed4e -> 
  custom:scripting/monoscript/fileName/PrivacyPolicyScreen.cs: 0de25c21e87d8c3d0f9e4ec1367891b1 -> 
  custom:container-muxer-webm: aa71ff27fc2769a1b78a27578f13a17b -> 
  custom:scripting/monoscript/fileName/ShopScreen.cs: fbb13feb33a4ac43d10d9c029ac72403 -> 
  custom:video-decoder-webm-vp8: 9c59270c3fd7afecdb556c50c9e8de78 -> 
  custom:SearchIndexIgnoredProperties: e643bd26f0fe6173181afceb89e7c659 -> 
  custom:AudioImporter_EditorPlatform: d09bf68614088b80899f8185d706f6e7 -> 
  custom:video-encoder-webm-vp8: eb34c28f22e8b96e1ab97ce403110664 -> 
  custom:audio-decoder-ogg-vorbis: bf7c407c2cedff20999df2af8eb42d56 -> 
  custom:scripting/monoscript/fileName/DialogLauncher.cs: 08eb9479c107642e0fadfcc1dbdbf3a2 -> 
  custom:scripting/monoscript/fileName/GamePlayScreen.cs: 849e023c3bf2bf0870ab26342f35b0b5 -> 
  custom:audio-encoder-webm-vorbis: bf7c407c2cedff20999df2af8eb42d56 -> 
  custom:scripting/precompiled-assembly-types:Assembly-CSharp: baa5e70ec760f0aaa9f64ea3b32c9850 -> 940b8bd8ca4fa117e1593208f39920a3
========================================================================
Received Import Request.
  Time since last request: 96.225130 seconds.
  path: Assets/_Project/Screns/Shop.prefab
  artifactKey: Guid(031c12138d9dd5049a644a0fbf57febb) Importer(815301076,1909f56bfc062723c751e8b465ee728b)
Start importing Assets/_Project/Screns/Shop.prefab using Guid(031c12138d9dd5049a644a0fbf57febb) Importer(815301076,1909f56bfc062723c751e8b465ee728b) [PhysX] Initialized MultithreadedTaskDispatcher with 12 workers.
 -> (artifact id: '8d5c52f6c21ac87f9d64fc359b21b929') in 0.235714 seconds
Number of updated asset objects reloaded before import = 0
Number of asset objects unloaded after import = 175
========================================================================
Received Import Request.
  Time since last request: 8.975479 seconds.
  path: Assets/_Project/Screns/Settings.prefab
  artifactKey: Guid(60c0cc28a12ef684ea1f000ef36db05a) Importer(815301076,1909f56bfc062723c751e8b465ee728b)
Start importing Assets/_Project/Screns/Settings.prefab using Guid(60c0cc28a12ef684ea1f000ef36db05a) Importer(815301076,1909f56bfc062723c751e8b465ee728b) [PhysX] Initialized MultithreadedTaskDispatcher with 12 workers.
 -> (artifact id: '06267a31ede7ccd4fa77673168972c1f') in 0.049840 seconds
Number of updated asset objects reloaded before import = 0
Number of asset objects unloaded after import = 114
========================================================================
Received Import Request.
  Time since last request: 1.800177 seconds.
  path: Assets/_Project/Screns/Settings.prefab
  artifactKey: Guid(60c0cc28a12ef684ea1f000ef36db05a) Importer(815301076,1909f56bfc062723c751e8b465ee728b)
Start importing Assets/_Project/Screns/Settings.prefab using Guid(60c0cc28a12ef684ea1f000ef36db05a) Importer(815301076,1909f56bfc062723c751e8b465ee728b) [PhysX] Initialized MultithreadedTaskDispatcher with 12 workers.
 -> (artifact id: 'c643ad09e0ac134418af86f9c2121a36') in 0.042230 seconds
Number of updated asset objects reloaded before import = 0
Number of asset objects unloaded after import = 114
========================================================================
Received Import Request.
  Time since last request: 5.027233 seconds.
  path: Assets/_Project/Screns/Settings.prefab
  artifactKey: Guid(60c0cc28a12ef684ea1f000ef36db05a) Importer(815301076,1909f56bfc062723c751e8b465ee728b)
Start importing Assets/_Project/Screns/Settings.prefab using Guid(60c0cc28a12ef684ea1f000ef36db05a) Importer(815301076,1909f56bfc062723c751e8b465ee728b) [PhysX] Initialized MultithreadedTaskDispatcher with 12 workers.
 -> (artifact id: 'ef36b78064610c347a7990a2a2698ec5') in 0.044998 seconds
Number of updated asset objects reloaded before import = 0
Number of asset objects unloaded after import = 114
========================================================================
Received Prepare
Caller must complete domain reload
Begin MonoManager ReloadAssembly
- Loaded All Assemblies, in  1.875 seconds
Native extension for WindowsStandalone target not found
Native extension for iOS target not found
Mono: successfully reloaded assembly
- Finished resetting the current domain, in  2.841 seconds
Domain Reload Profiling: 4717ms
	BeginReloadAssembly (842ms)
		ExecutionOrderSort (0ms)
		DisableScriptedObjects (52ms)
		BackupInstance (0ms)
		ReleaseScriptingObjects (0ms)
		CreateAndSetChildDomain (436ms)
	RebuildCommonClasses (349ms)
	RebuildNativeTypeToScriptingClass (83ms)
	initialDomainReloadingComplete (93ms)
	LoadAllAssembliesAndSetupDomain (506ms)
		LoadAssemblies (596ms)
		RebuildTransferFunctionScriptingTraits (0ms)
		AnalyzeDomain (149ms)
			TypeCache.Refresh (11ms)
				TypeCache.ScanAssembly (1ms)
			ScanForSourceGeneratedMonoScriptInfo (79ms)
			ResolveRequiredComponents (59ms)
	FinalizeReload (2843ms)
		ReleaseScriptCaches (0ms)
		RebuildScriptCaches (0ms)
		SetupLoadedEditorAssemblies (1672ms)
			LogAssemblyErrors (0ms)
			InitializePlatformSupportModulesInManaged (71ms)
			SetLoadedEditorAssemblies (11ms)
			RefreshPlugins (0ms)
			BeforeProcessingInitializeOnLoad (164ms)
			ProcessInitializeOnLoadAttributes (1293ms)
			ProcessInitializeOnLoadMethodAttributes (130ms)
			AfterProcessingInitializeOnLoad (2ms)
			EditorAssembliesLoaded (1ms)
		ExecutionOrderSort2 (0ms)
		AwakeInstancesAfterBackupRestoration (47ms)
Refreshing native plugins compatible for Editor in 2.96 ms, found 4 plugins.
Preloading 0 native plugins for Editor in 0.00 ms.
Unloading 3962 Unused Serialized files (Serialized files now loaded: 0)
Unloading 25 unused Assets / (213.5 KB). Loaded Objects now: 4467.
Memory consumption went from 138.8 MB to 138.6 MB.
Total: 3.945800 ms (FindLiveObjects: 0.298300 ms CreateObjectMapping: 0.137500 ms MarkObjects: 3.309600 ms  DeleteObjects: 0.199400 ms)

Prepare: number of updated asset objects reloaded= 0
AssetImportParameters requested are different than current active one (requested -> active):
  custom:scripting/monoscript/fileName/IService.cs: 82cbaca9e8390526a641b8014c1db9d8 -> 92dbcd0c21adfad12876876d66adcdc0
  custom:container-demuxer-ogg: 62fdf1f143b41e24485cea50d1cbac27 -> 
  custom:video-codec-MediaFoundation-h265: 746d11721c4dcdbdad8f713fa42b33f4 -> 
  custom:scripting/monoscript/fileName/BaseScreen.cs: 09321f088d182d7ced4103b83a49fe5b -> 
  custom:video-decoder-ogg-theora: a1e56fd34408186e4bbccfd4996cb3dc -> 
  custom:framework-win-MediaFoundation: 216162199b28c13a410421893ffa2e32 -> 
  custom:CustomObjectIndexerAttribute: 9a22284fe3817be447336de3de66b15e -> 
  custom:container-demuxer-webm: 4f35f7cbe854078d1ac9338744f61a02 -> 
  custom:scripting/monoscript/fileName/SettingsScreen.cs: ec4448011bd7535527e60f2f18238f65 -> 
  custom:scripting/monoscript/fileName/MenuScreen.cs: b65fc4eeb1d5b969a2046d806586ed4e -> 
  custom:scripting/monoscript/fileName/PrivacyPolicyScreen.cs: 0de25c21e87d8c3d0f9e4ec1367891b1 -> 
  custom:container-muxer-webm: aa71ff27fc2769a1b78a27578f13a17b -> 
  custom:scripting/monoscript/fileName/ShopScreen.cs: fbb13feb33a4ac43d10d9c029ac72403 -> 
  custom:video-decoder-webm-vp8: 9c59270c3fd7afecdb556c50c9e8de78 -> 
  custom:SearchIndexIgnoredProperties: e643bd26f0fe6173181afceb89e7c659 -> 
  custom:AudioImporter_EditorPlatform: d09bf68614088b80899f8185d706f6e7 -> 
  custom:video-encoder-webm-vp8: eb34c28f22e8b96e1ab97ce403110664 -> 
  custom:audio-decoder-ogg-vorbis: bf7c407c2cedff20999df2af8eb42d56 -> 
  custom:scripting/monoscript/fileName/DialogLauncher.cs: 08eb9479c107642e0fadfcc1dbdbf3a2 -> 
  custom:scripting/monoscript/fileName/GamePlayScreen.cs: 849e023c3bf2bf0870ab26342f35b0b5 -> 
  custom:audio-encoder-webm-vorbis: bf7c407c2cedff20999df2af8eb42d56 -> 
  custom:scripting/precompiled-assembly-types:Assembly-CSharp: baa5e70ec760f0aaa9f64ea3b32c9850 -> 940b8bd8ca4fa117e1593208f39920a3
========================================================================
Received Import Request.
  Time since last request: 286.477858 seconds.
  path: Assets/_Project/Screns/Settings.prefab
  artifactKey: Guid(60c0cc28a12ef684ea1f000ef36db05a) Importer(815301076,1909f56bfc062723c751e8b465ee728b)
Start importing Assets/_Project/Screns/Settings.prefab using Guid(60c0cc28a12ef684ea1f000ef36db05a) Importer(815301076,1909f56bfc062723c751e8b465ee728b) [PhysX] Initialized MultithreadedTaskDispatcher with 12 workers.
 -> (artifact id: '7530ff89193ecced03083d159b13ff6a') in 0.237711 seconds
Number of updated asset objects reloaded before import = 0
Number of asset objects unloaded after import = 114
========================================================================
Received Import Request.
  Time since last request: 6.248172 seconds.
  path: Assets/_Project/Screns/PrivacyPolicy.prefab
  artifactKey: Guid(4af7759c522f62040ac2d0b76fd884dc) Importer(815301076,1909f56bfc062723c751e8b465ee728b)
Start importing Assets/_Project/Screns/PrivacyPolicy.prefab using Guid(4af7759c522f62040ac2d0b76fd884dc) Importer(815301076,1909f56bfc062723c751e8b465ee728b) [PhysX] Initialized MultithreadedTaskDispatcher with 12 workers.
 -> (artifact id: '618031d711394321d1b18af63254e80d') in 0.030584 seconds
Number of updated asset objects reloaded before import = 0
Number of asset objects unloaded after import = 39
========================================================================
Received Import Request.
  Time since last request: 1.785079 seconds.
  path: Assets/_Project/Screns/PrivacyPolicy.prefab
  artifactKey: Guid(4af7759c522f62040ac2d0b76fd884dc) Importer(815301076,1909f56bfc062723c751e8b465ee728b)
Start importing Assets/_Project/Screns/PrivacyPolicy.prefab using Guid(4af7759c522f62040ac2d0b76fd884dc) Importer(815301076,1909f56bfc062723c751e8b465ee728b) [PhysX] Initialized MultithreadedTaskDispatcher with 12 workers.
 -> (artifact id: 'e3f7b115fa51907c309a294ae8917e39') in 0.027170 seconds
Number of updated asset objects reloaded before import = 0
Number of asset objects unloaded after import = 39
========================================================================
Received Import Request.
  Time since last request: 5.705656 seconds.
  path: Assets/_Project/Screns/PrivacyPolicy.prefab
  artifactKey: Guid(4af7759c522f62040ac2d0b76fd884dc) Importer(815301076,1909f56bfc062723c751e8b465ee728b)
Start importing Assets/_Project/Screns/PrivacyPolicy.prefab using Guid(4af7759c522f62040ac2d0b76fd884dc) Importer(815301076,1909f56bfc062723c751e8b465ee728b) [PhysX] Initialized MultithreadedTaskDispatcher with 12 workers.
 -> (artifact id: '5c15ce98a3311da9cfa4b7822cd9f522') in 0.028087 seconds
Number of updated asset objects reloaded before import = 0
Number of asset objects unloaded after import = 39
========================================================================
Received Prepare
Caller must complete domain reload
Begin MonoManager ReloadAssembly
- Loaded All Assemblies, in  1.779 seconds
Native extension for WindowsStandalone target not found
Native extension for iOS target not found
Mono: successfully reloaded assembly
- Finished resetting the current domain, in  3.035 seconds
Domain Reload Profiling: 4817ms
	BeginReloadAssembly (848ms)
		ExecutionOrderSort (0ms)
		DisableScriptedObjects (56ms)
		BackupInstance (0ms)
		ReleaseScriptingObjects (0ms)
		CreateAndSetChildDomain (441ms)
	RebuildCommonClasses (336ms)
	RebuildNativeTypeToScriptingClass (84ms)
	initialDomainReloadingComplete (91ms)
	LoadAllAssembliesAndSetupDomain (420ms)
		LoadAssemblies (594ms)
		RebuildTransferFunctionScriptingTraits (0ms)
		AnalyzeDomain (66ms)
			TypeCache.Refresh (6ms)
				TypeCache.ScanAssembly (0ms)
			ScanForSourceGeneratedMonoScriptInfo (0ms)
			ResolveRequiredComponents (59ms)
	FinalizeReload (3038ms)
		ReleaseScriptCaches (0ms)
		RebuildScriptCaches (0ms)
		SetupLoadedEditorAssemblies (1803ms)
			LogAssemblyErrors (0ms)
			InitializePlatformSupportModulesInManaged (76ms)
			SetLoadedEditorAssemblies (11ms)
			RefreshPlugins (0ms)
			BeforeProcessingInitializeOnLoad (177ms)
			ProcessInitializeOnLoadAttributes (1397ms)
			ProcessInitializeOnLoadMethodAttributes (139ms)
			AfterProcessingInitializeOnLoad (2ms)
			EditorAssembliesLoaded (1ms)
		ExecutionOrderSort2 (0ms)
		AwakeInstancesAfterBackupRestoration (48ms)
Refreshing native plugins compatible for Editor in 3.26 ms, found 4 plugins.
Preloading 0 native plugins for Editor in 0.00 ms.
Unloading 3962 Unused Serialized files (Serialized files now loaded: 0)
Unloading 25 unused Assets / (213.6 KB). Loaded Objects now: 4471.
Memory consumption went from 138.8 MB to 138.6 MB.
Total: 3.849400 ms (FindLiveObjects: 0.341300 ms CreateObjectMapping: 0.114700 ms MarkObjects: 3.160100 ms  DeleteObjects: 0.231800 ms)

Prepare: number of updated asset objects reloaded= 0
AssetImportParameters requested are different than current active one (requested -> active):
  custom:scripting/monoscript/fileName/IService.cs: 82cbaca9e8390526a641b8014c1db9d8 -> 92dbcd0c21adfad12876876d66adcdc0
  custom:container-demuxer-ogg: 62fdf1f143b41e24485cea50d1cbac27 -> 
  custom:video-codec-MediaFoundation-h265: 746d11721c4dcdbdad8f713fa42b33f4 -> 
  custom:scripting/monoscript/fileName/BaseScreen.cs: 09321f088d182d7ced4103b83a49fe5b -> 
  custom:video-decoder-ogg-theora: a1e56fd34408186e4bbccfd4996cb3dc -> 
  custom:framework-win-MediaFoundation: 216162199b28c13a410421893ffa2e32 -> 
  custom:CustomObjectIndexerAttribute: 9a22284fe3817be447336de3de66b15e -> 
  custom:container-demuxer-webm: 4f35f7cbe854078d1ac9338744f61a02 -> 
  custom:scripting/monoscript/fileName/SettingsScreen.cs: ec4448011bd7535527e60f2f18238f65 -> 
  custom:scripting/monoscript/fileName/MenuScreen.cs: b65fc4eeb1d5b969a2046d806586ed4e -> 
  custom:scripting/monoscript/fileName/PrivacyPolicyScreen.cs: 0de25c21e87d8c3d0f9e4ec1367891b1 -> 
  custom:container-muxer-webm: aa71ff27fc2769a1b78a27578f13a17b -> 
  custom:scripting/monoscript/fileName/ShopScreen.cs: fbb13feb33a4ac43d10d9c029ac72403 -> 
  custom:video-decoder-webm-vp8: 9c59270c3fd7afecdb556c50c9e8de78 -> 
  custom:SearchIndexIgnoredProperties: e643bd26f0fe6173181afceb89e7c659 -> 
  custom:AudioImporter_EditorPlatform: d09bf68614088b80899f8185d706f6e7 -> 
  custom:video-encoder-webm-vp8: eb34c28f22e8b96e1ab97ce403110664 -> 
  custom:audio-decoder-ogg-vorbis: bf7c407c2cedff20999df2af8eb42d56 -> 
  custom:scripting/monoscript/fileName/DialogLauncher.cs: 08eb9479c107642e0fadfcc1dbdbf3a2 -> 
  custom:scripting/monoscript/fileName/GamePlayScreen.cs: 849e023c3bf2bf0870ab26342f35b0b5 -> 
  custom:audio-encoder-webm-vorbis: bf7c407c2cedff20999df2af8eb42d56 -> 
  custom:scripting/precompiled-assembly-types:Assembly-CSharp: baa5e70ec760f0aaa9f64ea3b32c9850 -> 940b8bd8ca4fa117e1593208f39920a3
========================================================================
Received Import Request.
  Time since last request: 57.235341 seconds.
  path: Assets/_Project/Screns/Settings.prefab
  artifactKey: Guid(60c0cc28a12ef684ea1f000ef36db05a) Importer(815301076,1909f56bfc062723c751e8b465ee728b)
Start importing Assets/_Project/Screns/Settings.prefab using Guid(60c0cc28a12ef684ea1f000ef36db05a) Importer(815301076,1909f56bfc062723c751e8b465ee728b) [PhysX] Initialized MultithreadedTaskDispatcher with 12 workers.
 -> (artifact id: 'cbfade44fa6496d7bfa6ea92aea313f4') in 0.244254 seconds
Number of updated asset objects reloaded before import = 0
Number of asset objects unloaded after import = 114
========================================================================
Received Import Request.
  Time since last request: 1.062353 seconds.
  path: Assets/_Project/Screns/Settings.prefab
  artifactKey: Guid(60c0cc28a12ef684ea1f000ef36db05a) Importer(815301076,1909f56bfc062723c751e8b465ee728b)
Start importing Assets/_Project/Screns/Settings.prefab using Guid(60c0cc28a12ef684ea1f000ef36db05a) Importer(815301076,1909f56bfc062723c751e8b465ee728b) [PhysX] Initialized MultithreadedTaskDispatcher with 12 workers.
 -> (artifact id: 'd0874a2636c086c1b5e3e7643e218e0b') in 0.042975 seconds
Number of updated asset objects reloaded before import = 0
Number of asset objects unloaded after import = 114
========================================================================
Received Import Request.
  Time since last request: 14.791407 seconds.
  path: Assets/_Project/Screns/Settings.prefab
  artifactKey: Guid(60c0cc28a12ef684ea1f000ef36db05a) Importer(815301076,1909f56bfc062723c751e8b465ee728b)
Start importing Assets/_Project/Screns/Settings.prefab using Guid(60c0cc28a12ef684ea1f000ef36db05a) Importer(815301076,1909f56bfc062723c751e8b465ee728b) [PhysX] Initialized MultithreadedTaskDispatcher with 12 workers.
 -> (artifact id: '601e0bc8e6cbe5e1b30532631db42935') in 0.044666 seconds
Number of updated asset objects reloaded before import = 0
Number of asset objects unloaded after import = 114
